-------------------------------------------------------------------------------
Test set: TestSuite
-------------------------------------------------------------------------------
Tests run: 5, Failures: 1, Errors: 0, Skipped: 0, Time elapsed: 32.215 s <<< FAILURE! - in TestSuite
LoginErrorValidation(rahulshettyacademy.tests.ErrorValidationsTest)  Time elapsed: 2.049 s  <<< FAILURE!
java.lang.AssertionError: expected:<Incorrect email or password.> but was:<Login Successfully>
	at rahulshettyacademy.tests.ErrorValidationsTest.LoginErrorValidation(ErrorValidationsTest.java:25)

